   Creating an optimized production build ...
<w> [webpack.cache.PackFileCacheStrategy] Serializing big strings (704kiB) impacts deserialization performance (consider using Buffer instead and decode when needed)
 ✓ Compiled successfully in 13.3s
   Collecting page data  .(node:347342) [DEP0128] DeprecationWarning: Invalid 'main' field in '/home/pranav/Work/ninjablog2/DocXninjaBlog/node_modules/@react-icons/all-files/package.json' of 'lib'. Please either fix that or report it to the module author
(Use `node --trace-deprecation ...` to show where the warning was created)
(node:347322) [DEP0128] DeprecationWarning: Invalid 'main' field in '/home/pranav/Work/ninjablog2/DocXninjaBlog/node_modules/@react-icons/all-files/package.json' of 'lib'. Please either fix that or report it to the module author
(Use `node --trace-deprecation ...` to show where the warning was created)
(node:347315) [DEP0128] DeprecationWarning: Invalid 'main' field in '/home/pranav/Work/ninjablog2/DocXninjaBlog/node_modules/@react-icons/all-files/package.json' of 'lib'. Please either fix that or report it to the module author
(Use `node --trace-deprecation ...` to show where the warning was created)
(node:347300) [DEP0128] DeprecationWarning: Invalid 'main' field in '/home/pranav/Work/ninjablog2/DocXninjaBlog/node_modules/@react-icons/all-files/package.json' of 'lib'. Please either fix that or report it to the module author
(Use `node --trace-deprecation ...` to show where the warning was created)
(node:347356) [DEP0128] DeprecationWarning: Invalid 'main' field in '/home/pranav/Work/ninjablog2/DocXninjaBlog/node_modules/@react-icons/all-files/package.json' of 'lib'. Please either fix that or report it to the module author
(Use `node --trace-deprecation ...` to show where the warning was created)
   Collecting page data  ..(node:347294) [DEP0128] DeprecationWarning: Invalid 'main' field in '/home/pranav/Work/ninjablog2/DocXninjaBlog/node_modules/@react-icons/all-files/package.json' of 'lib'. Please either fix that or report it to the module author
(Use `node --trace-deprecation ...` to show where the warning was created)
(node:347335) [DEP0128] DeprecationWarning: Invalid 'main' field in '/home/pranav/Work/ninjablog2/DocXninjaBlog/node_modules/@react-icons/all-files/package.json' of 'lib'. Please either fix that or report it to the module author
(Use `node --trace-deprecation ...` to show where the warning was created)
(node:347349) [DEP0128] DeprecationWarning: Invalid 'main' field in '/home/pranav/Work/ninjablog2/DocXninjaBlog/node_modules/@react-icons/all-files/package.json' of 'lib'. Please either fix that or report it to the module author
(Use `node --trace-deprecation ...` to show where the warning was created)
(node:347308) [DEP0128] DeprecationWarning: Invalid 'main' field in '/home/pranav/Work/ninjablog2/DocXninjaBlog/node_modules/@react-icons/all-files/package.json' of 'lib'. Please either fix that or report it to the module author
(Use `node --trace-deprecation ...` to show where the warning was created)
   Collecting page data  ...(node:347363) [DEP0128] DeprecationWarning: Invalid 'main' field in '/home/pranav/Work/ninjablog2/DocXninjaBlog/node_modules/@react-icons/all-files/package.json' of 'lib'. Please either fix that or report it to the module author
(Use `node --trace-deprecation ...` to show where the warning was created)
   Collecting page data  ...
notion getPage 2a02d08b992381689530df41e176c845
   Collecting page data  .page load error { pageId: '2a02d08b-9923-8168-9530-df41e176c845', spaceId: undefined } undefined [POST] "https://www.notion.so/api/v3/loadPageChunk": <no response> fetch failed
Error: Error loading page "2a02d08b-9923-8168-9530-df41e176c845"
    at <unknown> (.next/server/chunks/598.js:1:22453)
    at Array.reduce (<anonymous>)
    at n (.next/server/chunks/598.js:1:22415)
    at async m (.next/server/chunks/598.js:1:22060)
    at async k (.next/server/pages/[pageId].js:1:4568)

> Build error occurred
[Error: Failed to collect page data for /[pageId]] { type: 'Error' }